<?xml version="1.0" encoding="UTF-8"?>
<!-- Generated by org.testng.reporters.JUnitXMLReporter -->
<testsuite ignored="2" hostname="rahulmishra01" failures="0" tests="1" name="Default test" time="15.165" errors="0" timestamp="21 Dec 2021 15:57:54 GMT">
  <testcase classname="com.demoApp.runner.apprunner" name="animation_screen" time="6.577"/>
  <testcase classname="com.demoApp.runner.apprunner" name="content_screen" time="0.0">
    <ignored/>
  </testcase> <!-- content_screen -->
  <testcase classname="com.demoApp.runner.apprunner" name="preference_screen" time="0.0">
    <ignored/>
  </testcase> <!-- preference_screen -->
</testsuite> <!-- Default test -->
